<?xml version="1.0" encoding="UTF-8" ?>
<testsuite tests="1" failures="0" name="com.wanfadger.todo.client.SandboxGwtTest" time="12.545" errors="0" skipped="0">
  <properties>
    <property name="java.runtime.name" value="OpenJDK Runtime Environment"/>
    <property name="sun.boot.library.path" value="/usr/lib/jvm/java-8-openjdk-amd64/jre/lib/amd64"/>
    <property name="java.vm.version" value="25.265-b01"/>
    <property name="org.w3c.css.sac.parser" value="com.steadystate.css.parser.SACParserCSS3"/>
    <property name="java.vm.vendor" value="Private Build"/>
    <property name="java.vendor.url" value="http://java.oracle.com/"/>
    <property name="path.separator" value=":"/>
    <property name="java.vm.name" value="OpenJDK 64-Bit Server VM"/>
    <property name="file.encoding.pkg" value="sun.io"/>
    <property name="user.country" value="US"/>
    <property name="sun.java.launcher" value="SUN_STANDARD"/>
    <property name="sun.os.patch.level" value="unknown"/>
    <property name="surefire.reports" value="/mnt/68C219C4C2199780/eclipse-workspace/GWTP-workspace/TodoGwtpRestDispatch/target/surefire-reports"/>
    <property name="java.vm.specification.name" value="Java Virtual Machine Specification"/>
    <property name="user.dir" value="/mnt/68C219C4C2199780/eclipse-workspace/GWTP-workspace/TodoGwtpRestDispatch"/>
    <property name="java.runtime.version" value="1.8.0_265-8u265-b01-0ubuntu2~20.04-b01"/>
    <property name="java.awt.graphicsenv" value="sun.awt.X11GraphicsEnvironment"/>
    <property name="java.endorsed.dirs" value="/usr/lib/jvm/java-8-openjdk-amd64/jre/lib/endorsed"/>
    <property name="os.arch" value="amd64"/>
    <property name="javax.accessibility.assistive_technologies" value="org.GNOME.Accessibility.AtkWrapper"/>
    <property name="java.io.tmpdir" value="/tmp"/>
    <property name="line.separator" value="
"/>
    <property name="java.vm.specification.vendor" value="Oracle Corporation"/>
    <property name="os.name" value="Linux"/>
    <property name="sun.jnu.encoding" value="UTF-8"/>
    <property name="java.library.path" value="/usr/java/packages/lib/amd64:/usr/lib/x86_64-linux-gnu/jni:/lib/x86_64-linux-gnu:/usr/lib/x86_64-linux-gnu:/usr/lib/jni:/lib:/usr/lib"/>
    <property name="gwt.args" value="-war /mnt/68C219C4C2199780/eclipse-workspace/GWTP-workspace/TodoGwtpRestDispatch/target/www-test -logLevel INFO -devMode -nocheckAssertions -XclusterFunctions -XcheckCasts -XclassMetadata -XcodeSplitting -nodraftCompile -XinlineLiteralParameters -XoptimizeDataflow -XordinalizeEnums -XremoveDuplicateFunctions -noshowUi -sourceLevel auto -testBeginTimeout 1 -testMethodTimeout 5 -Xtries 1 -noincremental -precompile simple -runStyle HtmlUnit:FF17"/>
    <property name="java.specification.name" value="Java Platform API Specification"/>
    <property name="java.class.version" value="52.0"/>
    <property name="sun.management.compiler" value="HotSpot 64-Bit Tiered Compilers"/>
    <property name="os.version" value="5.4.0-51-generic"/>
    <property name="user.home" value="/home/wanfadger"/>
    <property name="user.timezone" value="Africa/Kampala"/>
    <property name="java.awt.printerjob" value="sun.print.PSPrinterJob"/>
    <property name="java.specification.version" value="1.8"/>
    <property name="file.encoding" value="UTF-8"/>
    <property name="user.name" value="wanfadger"/>
    <property name="java.class.path" value="/mnt/68C219C4C2199780/eclipse-workspace/GWTP-workspace/TodoGwtpRestDispatch/target/TodoGwtpRestDispatch-1.0-SNAPSHOT/WEB-INF/classes:/mnt/68C219C4C2199780/eclipse-workspace/GWTP-workspace/TodoGwtpRestDispatch/src/main/java:/mnt/68C219C4C2199780/eclipse-workspace/GWTP-workspace/TodoGwtpRestDispatch/target/generated-sources/annotations:/mnt/68C219C4C2199780/eclipse-workspace/GWTP-workspace/TodoGwtpRestDispatch/src/test/java:/mnt/68C219C4C2199780/eclipse-workspace/GWTP-workspace/TodoGwtpRestDispatch/target/generated-test-sources/test-annotations:/mnt/68C219C4C2199780/eclipse-workspace/GWTP-workspace/TodoGwtpRestDispatch/src/test/resources:/mnt/68C219C4C2199780/eclipse-workspace/GWTP-workspace/TodoGwtpRestDispatch/target/test-classes:/home/wanfadger/.m2/repository/com/google/gwt/gwt-user/2.7.0/gwt-user-2.7.0.jar:/home/wanfadger/.m2/repository/javax/validation/validation-api/1.0.0.GA/validation-api-1.0.0.GA.jar:/home/wanfadger/.m2/repository/javax/validation/validation-api/1.0.0.GA/validation-api-1.0.0.GA-sources.jar:/home/wanfadger/.m2/repository/com/gwtplatform/gwtp-mvp-client/1.5/gwtp-mvp-client-1.5.jar:/home/wanfadger/.m2/repository/com/gwtplatform/gwtp-clients-common/1.5/gwtp-clients-common-1.5.jar:/home/wanfadger/.m2/repository/com/gwtplatform/gwtp-mvp-shared/1.5/gwtp-mvp-shared-1.5.jar:/home/wanfadger/.m2/repository/com/google/gwt/gwt-dev/2.7.0/gwt-dev-2.7.0.jar:/home/wanfadger/.m2/repository/org/ow2/asm/asm/5.0.3/asm-5.0.3.jar:/home/wanfadger/.m2/repository/org/ow2/asm/asm-util/5.0.3/asm-util-5.0.3.jar:/home/wanfadger/.m2/repository/org/ow2/asm/asm-tree/5.0.3/asm-tree-5.0.3.jar:/home/wanfadger/.m2/repository/org/ow2/asm/asm-commons/5.0.3/asm-commons-5.0.3.jar:/home/wanfadger/.m2/repository/org/apache/velocity/velocity/1.7/velocity-1.7.jar:/home/wanfadger/.m2/repository/commons-collections/commons-collections/3.2.1/commons-collections-3.2.1.jar:/home/wanfadger/.m2/repository/commons-lang/commons-lang/2.4/commons-lang-2.4.jar:/home/wanfadger/.m2/repository/com/gwtplatform/gwtp-dispatch-rpc-client/1.5/gwtp-dispatch-rpc-client-1.5.jar:/home/wanfadger/.m2/repository/com/gwtplatform/gwtp-dispatch-common-client/1.5/gwtp-dispatch-common-client-1.5.jar:/home/wanfadger/.m2/repository/com/gwtplatform/gwtp-dispatch-rpc-server-guice/1.5/gwtp-dispatch-rpc-server-guice-1.5.jar:/home/wanfadger/.m2/repository/com/gwtplatform/gwtp-dispatch-rpc-server/1.5/gwtp-dispatch-rpc-server-1.5.jar:/home/wanfadger/.m2/repository/com/gwtplatform/gwtp-dispatch-rpc-shared/1.5/gwtp-dispatch-rpc-shared-1.5.jar:/home/wanfadger/.m2/repository/com/gwtplatform/gwtp-dispatch-common-shared/1.5/gwtp-dispatch-common-shared-1.5.jar:/home/wanfadger/.m2/repository/com/google/inject/guice/3.0/guice-3.0.jar:/home/wanfadger/.m2/repository/javax/inject/javax.inject/1/javax.inject-1.jar:/home/wanfadger/.m2/repository/aopalliance/aopalliance/1.0/aopalliance-1.0.jar:/home/wanfadger/.m2/repository/com/google/inject/extensions/guice-servlet/3.0/guice-servlet-3.0.jar:/home/wanfadger/.m2/repository/com/google/inject/extensions/guice-assistedinject/3.0/guice-assistedinject-3.0.jar:/home/wanfadger/.m2/repository/com/google/gwt/inject/gin/2.1.2/gin-2.1.2.jar:/home/wanfadger/.m2/repository/com/gwtplatform/gwtp-dispatch-rest/1.5/gwtp-dispatch-rest-1.5.jar:/home/wanfadger/.m2/repository/com/google/inject/extensions/guice-multibindings/3.0/guice-multibindings-3.0.jar:/home/wanfadger/.m2/repository/com/github/nmorel/gwtjackson/gwt-jackson/0.9.0/gwt-jackson-0.9.0.jar:/home/wanfadger/.m2/repository/com/fasterxml/jackson/core/jackson-annotations/2.5.1/jackson-annotations-2.5.1.jar:/home/wanfadger/.m2/repository/com/fasterxml/jackson/core/jackson-annotations/2.5.1/jackson-annotations-2.5.1-sources.jar:/home/wanfadger/.m2/repository/com/squareup/javapoet/1.0.0/javapoet-1.0.0.jar:/home/wanfadger/.m2/repository/com/gwtplatform/gwtp-dispatch-rest-shared/1.5/gwtp-dispatch-rest-shared-1.5.jar:/home/wanfadger/.m2/repository/javax/ws/rs/jsr311-api/1.1.1/jsr311-api-1.1.1.jar:/home/wanfadger/.m2/repository/junit/junit/4.12/junit-4.12.jar:/home/wanfadger/.m2/repository/org/hamcrest/hamcrest-core/1.3/hamcrest-core-1.3.jar:/home/wanfadger/.m2/repository/org/jukito/jukito/1.4.1/jukito-1.4.1.jar:/home/wanfadger/.m2/repository/org/mockito/mockito-core/1.9.5/mockito-core-1.9.5.jar:/home/wanfadger/.m2/repository/org/objenesis/objenesis/1.0/objenesis-1.0.jar:/home/wanfadger/.m2/repository/com/google/gwt/gwt-user/2.7.0/gwt-user-2.7.0.jar:/home/wanfadger/.m2/repository/javax/validation/validation-api/1.0.0.GA/validation-api-1.0.0.GA.jar:/home/wanfadger/.m2/repository/javax/validation/validation-api/1.0.0.GA/validation-api-1.0.0.GA-sources.jar:/home/wanfadger/.m2/repository/com/google/gwt/gwt-dev/2.7.0/gwt-dev-2.7.0.jar:/home/wanfadger/.m2/repository/org/ow2/asm/asm/5.0.3/asm-5.0.3.jar:/home/wanfadger/.m2/repository/org/ow2/asm/asm-util/5.0.3/asm-util-5.0.3.jar:/home/wanfadger/.m2/repository/org/ow2/asm/asm-tree/5.0.3/asm-tree-5.0.3.jar:/home/wanfadger/.m2/repository/org/ow2/asm/asm-commons/5.0.3/asm-commons-5.0.3.jar:/home/wanfadger/.m2/repository/org/codehaus/mojo/gwt-maven-plugin/2.7.0/gwt-maven-plugin-2.7.0.jar:/home/wanfadger/.m2/repository/org/apache/maven/surefire/surefire-api/2.4.3/surefire-api-2.4.3.jar"/>
    <property name="build.compiler" value="com.google.gwt.dev.shell.jetty.JettyLauncher$JDTCompiler16"/>
    <property name="java.vm.specification.version" value="1.8"/>
    <property name="sun.arch.data.model" value="64"/>
    <property name="java.home" value="/usr/lib/jvm/java-8-openjdk-amd64/jre"/>
    <property name="sun.java.command" value="org.codehaus.mojo.gwt.test.MavenTestRunner com.wanfadger.todo.client.SandboxGwtTest"/>
    <property name="java.specification.vendor" value="Oracle Corporation"/>
    <property name="user.language" value="en"/>
    <property name="awt.toolkit" value="sun.awt.X11.XToolkit"/>
    <property name="java.vm.info" value="mixed mode"/>
    <property name="org.eclipse.jetty.xml.XmlParser.Validating" value="false"/>
    <property name="java.version" value="1.8.0_265"/>
    <property name="java.ext.dirs" value="/usr/lib/jvm/java-8-openjdk-amd64/jre/lib/ext:/usr/java/packages/lib/ext"/>
    <property name="sun.boot.class.path" value="/usr/lib/jvm/java-8-openjdk-amd64/jre/lib/resources.jar:/usr/lib/jvm/java-8-openjdk-amd64/jre/lib/rt.jar:/usr/lib/jvm/java-8-openjdk-amd64/jre/lib/sunrsasign.jar:/usr/lib/jvm/java-8-openjdk-amd64/jre/lib/jsse.jar:/usr/lib/jvm/java-8-openjdk-amd64/jre/lib/jce.jar:/usr/lib/jvm/java-8-openjdk-amd64/jre/lib/charsets.jar:/usr/lib/jvm/java-8-openjdk-amd64/jre/lib/jfr.jar:/usr/lib/jvm/java-8-openjdk-amd64/jre/classes"/>
    <property name="java.vendor" value="Private Build"/>
    <property name="file.separator" value="/"/>
    <property name="java.vendor.url.bug" value="http://bugreport.sun.com/bugreport/"/>
    <property name="sun.cpu.endian" value="little"/>
    <property name="sun.io.unicode.encoding" value="UnicodeLittle"/>
    <property name="sun.font.fontmanager" value="sun.awt.X11FontManager"/>
    <property name="sun.desktop" value="gnome"/>
    <property name="sun.cpu.isalist" value=""/>
  </properties>
  <testcase classname="com.wanfadger.todo.client.SandboxGwtTest" name="testSandbox" time="12.537"/>
</testsuite>